<?xml version="1.0" encoding="UTF-8"?>
<!-- Generated by org.testng.reporters.JUnitXMLReporter -->
<testsuite ignored="0" hostname="LAPTOP-B0K2JKB7" failures="0" tests="1" name="Default test(failed)" time="0.108" errors="0" timestamp="2024-12-19T16:06:59 IST">
  <testcase classname="Amazon.seleniumFrameworkProject.TestComponent.BaseTest" name="@BeforeMethod launchApplication" time="0.012">
    <failure type="java.lang.NullPointerException">
      <![CDATA[java.lang.NullPointerException
at java.base/java.io.FileInputStream.<init>(FileInputStream.java:145)
at java.base/java.io.FileInputStream.<init>(FileInputStream.java:108)
at Amazon.seleniumFrameworkProject.TestComponent.BaseTest.initisliseDriver(BaseTest.java:25)
at Amazon.seleniumFrameworkProject.TestComponent.BaseTest.launchApplication(BaseTest.java:47)
at java.base/java.util.ArrayList.forEach(ArrayList.java:1511)
... Removed 31 stack frames]]>
    </failure>
  </testcase> <!-- @BeforeMethod launchApplication -->
  <testcase classname="Amazon.seleniumFrameworkProject.ErrorValidation" name="submitOrder" time="0.0">
    <skipped/>
  </testcase> <!-- submitOrder -->
</testsuite> <!-- Default test(failed) -->
