<?xml version="1.0" encoding="UTF-8"?>
<!-- Generated by org.testng.reporters.JUnitXMLReporter -->
<testsuite ignored="0" hostname="LAPTOP-B0K2JKB7" failures="1" tests="2" name="Submit Order Test" time="0.609" errors="0" timestamp="2024-12-29T10:38:35 IST">
  <testcase classname="Amazon.seleniumFrameworkProject.SubmitOrderTest" name="submitOrder" time="0.0">
    <failure type="org.testng.TestNGException" message="
Data Provider public java.util.List Amazon.seleniumFrameworkProject.SubmitOrderTest.getData() throws java.io.IOException must return either Object[][] or Object[] or Iterator&amp;lt;Object[]&amp;gt; or Iterator&amp;lt;Object&amp;gt;, not interface java.util.List">
      <![CDATA[org.testng.TestNGException: 
Data Provider public java.util.List Amazon.seleniumFrameworkProject.SubmitOrderTest.getData() throws java.io.IOException must return either Object[][] or Object[] or Iterator<Object[]> or Iterator<Object>, not interface java.util.List
at java.base/java.util.ArrayList.forEach(ArrayList.java:1511)
... Removed 24 stack frames]]>
    </failure>
  </testcase> <!-- submitOrder -->
  <testcase classname="Amazon.seleniumFrameworkProject.SubmitOrderTest" name="OrderHistoryTest" time="0.0">
    <skipped/>
  </testcase> <!-- OrderHistoryTest -->
</testsuite> <!-- Submit Order Test -->
